0gfvZcTj4M0
0XgJXEVTljw
10bd5HDDIKo
1EZURSSixKw
1PHjwqhlzMQ
-1roIvrY-7s
2Llphwj3eAk
3DfxR0iAw1k
3pp_4t_Q4cY
3yt_A3Q1nOI
49ZvLImQtO4
4iMWYJZwUpY
6dK15l3z3Gw
6sG9SoSuKCc
6TUYIOesLxE
7R9XBCS-_XE
8xMDr5Fl5G8
8YG_0LjWqbA
8YYKbcfR6xY
9JA6d4UNteY
9KTFRCzMg4I
9LKq_zG5A-E
a6pSoQxsk4c
AM0BEYIOat0
amy_IWVYRM8
AY0wcjyE2uM
b6nYkDm22nA
bHKtJZzLZZo
bLdXBQrCEUw
BOExbWiLfy0
bYEGxXKid7w
BZ09Ug1Z5NE
c0EEkBuMHqs
CGAXulN8Vak
CgYQGYuX3r0
cIwPx-cK-OU
cLKd-UQsbUI
CNziRI7MgzM
cotQ6lRENZI
cUBmDL0-q6M
D4vl0LcdyjU
dBR7CiktqD4
di-P_DNlWC4
dszWUiSgVGg
DX4MtfxBSGo
e428RR-_5mM
e4dnDqVvIV0
EBmJBN0p1Vk
eeH1Aquj1l4
eJ7Vwtb24YY
e_WucI8cYoI
EYP-vMmVM-c
FbXAaL4jIo4
fDIddhyhui4
G0puZMm8Qso
GMBWIOOmOUE
gNJT4W6eR1Q
GulCaY0NeKI
gyh2ZFtTUL4
H3j-dwMG32g
H71RD2aTDq4
HiR5vVocx3w
HQsAUoHapOw
hTnohDi40rg
h_V02JziTf8
HvSf8hljtI8
ibiwhArM-uw
iLd8AG3g_NU
iNDHkyhbHHo
Io32fTMdbXw
J68AT1lgh-o
-J8VD795wrE
jbndoyDn37Q
_jF0hW8DDl8
jNUMl7UHTHA
jpm5b0-EwVM
js_Mt6ws3oA
jSQGdUmgCFU
KjMajG0Y_Jc
koOxyxWuRkY
kwRSrjz-zEE
l6u35Mkc-TU
L71QGOYrpiM
lBURHPKnqnA
lIorR_GHSnE
m3fexrJb4WA
mFpY1b4AlLQ
mIp_YiaVTLU
m_jhP8oPhrQ
n46xn570v6Y
NFR9VPsqQdg
nolcAj9T6zk
nPrNO2-Ld_k
nsAEB-iSz4U
oc_GQTCcLa4
ocMHTfYmEfo
Osgx0REhogY
PcTwULUMUoE
pg89YaG1jis
pkzybGeCCVI
PNjyjfxLKyc
poLJF6jLIMc
Psph7b8pWqI
pYEFZVuQiqU
Qcj0oKJhvwg
QNFd4qgY_so
_qQ8CZrtJK4
R03W8K4IktM
r4d2fVBUy20
RBXs2sQyrK8
RgmlxQndWPg
rtdO1bNkNJM
rZZuRYBzOzM
S1bdgRdiwbk
S3l75V9IoMg
s3LLTyYZmYE
S4zEIBXKlSo
siWEIhliF_0
SmnridZ55AA
SoG9DracSD8
tCsZs3odsxE
TlMkdzQJqS0
tQsFC875_3c
tVhe_M3suTM
twVpeQd4Cxo
UOaydmtE1KA
_v4QovR4HQk
v9_WzekDKyY
vm8_xHSKdzc
vrCi7_tVyxs
_VrgEdAr9sE
vSWJrvAHQHk
w7cJoV6NWE4
W8yZZajahTM
WbI3siCyH4Y
WC1VhmjDbRs
wkQdNci9D_c
wWiLIH2lIRc
wxCsReW2uX0
x5qRyHU58zI
XcDxY3g-7zc
xeUpxQ1eLNo
xHqPTGbAXAg
XHW10rZ-LWw
XLgla4HLK0k
_Y9cA4vYk1I
yTqqYgk-cP0
yv1egbRO_nQ
yv2SWPaxsRo
yXhgXHv4A5M
yyFnfZ_Jc8Y
yzYd9FM9NIE
_z4J31X65v0
Z5EkPywdV1Y
Z9MSEtJE_sw
ZLHGzIbkpKk
ZN-oyLTf9pM
ZOaanPwwXW8
zSkN6VGkMOw
zv_fogaAKRw
zVnZV6icAow
ZZRlfcvPF3s
