
  .   ____          _            __ _ _
 /\\ / ___'_ __ _ _(_)_ __  __ _ \ \ \ \
( ( )\___ | '_ | '_| | '_ \/ _` | \ \ \ \
 \\/  ___)| |_)| | | | | || (_| |  ) ) ) )
  '  |____| .__|_| |_|_| |_\__, | / / / /
 =========|_|==============|___/=/_/_/_/
 :: Spring Boot ::                (v2.4.2)

2021-06-09 14:28:54.818  INFO 18820 --- [           main] com.zwolf.dlv.RestServiceApplication     : Starting RestServiceApplication v0.1.0 using Java 11.0.9.1 on rpi4-nnlk with PID 18820 (/home/pi/git/com.zwolf.raspberrypi/dlv/jdlv/target/youtube-dl-web-0.1.0.jar started by pi in /home/pi/git/com.zwolf.raspberrypi/dlv/jdlv)
2021-06-09 14:28:54.830  INFO 18820 --- [           main] com.zwolf.dlv.RestServiceApplication     : No active profile set, falling back to default profiles: default
2021-06-09 14:29:01.039  INFO 18820 --- [           main] o.s.b.w.embedded.tomcat.TomcatWebServer  : Tomcat initialized with port(s): 8080 (http)
2021-06-09 14:29:01.087  INFO 18820 --- [           main] o.apache.catalina.core.StandardService   : Starting service [Tomcat]
2021-06-09 14:29:01.088  INFO 18820 --- [           main] org.apache.catalina.core.StandardEngine  : Starting Servlet engine: [Apache Tomcat/9.0.41]
2021-06-09 14:29:01.385  INFO 18820 --- [           main] o.a.c.c.C.[Tomcat].[localhost].[/]       : Initializing Spring embedded WebApplicationContext
2021-06-09 14:29:01.386  INFO 18820 --- [           main] w.s.c.ServletWebServerApplicationContext : Root WebApplicationContext: initialization completed in 6319 ms
2021-06-09 14:29:03.956  INFO 18820 --- [           main] o.s.s.concurrent.ThreadPoolTaskExecutor  : Initializing ExecutorService 'applicationTaskExecutor'
2021-06-09 14:29:05.014  INFO 18820 --- [           main] o.s.b.w.embedded.tomcat.TomcatWebServer  : Tomcat started on port(s): 8080 (http) with context path ''
2021-06-09 14:29:06.841  INFO 18820 --- [           main] com.zwolf.dlv.RestServiceApplication     : Started RestServiceApplication in 14.555 seconds (JVM running for 16.892)
2021-06-09 14:29:27.152  INFO 18820 --- [nio-8080-exec-1] o.a.c.c.C.[Tomcat].[localhost].[/]       : Initializing Spring DispatcherServlet 'dispatcherServlet'
2021-06-09 14:29:27.153  INFO 18820 --- [nio-8080-exec-1] o.s.web.servlet.DispatcherServlet        : Initializing Servlet 'dispatcherServlet'
2021-06-09 14:29:27.156  INFO 18820 --- [nio-8080-exec-1] o.s.web.servlet.DispatcherServlet        : Completed initialization in 3 ms
EXECUTING: '/home/pi/git/com.zwolf.raspberrypi/dlv/vsearch.sh princess'
EXECUTING: '/home/pi/git/com.zwolf.raspberrypi/dlv/vsearch.sh amanda'
EXECUTING: '/home/pi/git/com.zwolf.raspberrypi/dlv/dlv.sh -s'
EXECUTING: '/home/pi/git/com.zwolf.raspberrypi/dlv/dlv.sh -i /home/pi/git/com.zwolf.raspberrypi/dlv/jdlv/web-inputs/2021.06.09-14.39.15.txt -c /home/pi/git/com.zwolf.raspberrypi/dlv/cookies.txt'
EXECUTING: '/home/pi/git/com.zwolf.raspberrypi/dlv/dlv.sh -s'
EXECUTING: '/home/pi/git/com.zwolf.raspberrypi/dlv/dlv.sh -s'
EXECUTING: '/home/pi/git/com.zwolf.raspberrypi/dlv/vsearch.sh Z31YoIMkgD8'
EXECUTING: '/home/pi/git/com.zwolf.raspberrypi/dlv/vsearch.sh MhVkiQTSFE4'
EXECUTING: '/home/pi/git/com.zwolf.raspberrypi/dlv/dlv.sh -i /home/pi/git/com.zwolf.raspberrypi/dlv/jdlv/web-inputs/2021.06.09-15.36.50.txt -c /home/pi/git/com.zwolf.raspberrypi/dlv/cookies.txt'
EXECUTING: '/home/pi/git/com.zwolf.raspberrypi/dlv/dlv.sh -s'
EXECUTING: '/home/pi/git/com.zwolf.raspberrypi/dlv/dlv.sh -s'
EXECUTING: '/home/pi/git/com.zwolf.raspberrypi/dlv/dlv.sh -s'
EXECUTING: '/home/pi/git/com.zwolf.raspberrypi/dlv/dlv.sh -i /home/pi/git/com.zwolf.raspberrypi/dlv/jdlv/web-inputs/2021.06.09-16.01.26.txt -c /home/pi/git/com.zwolf.raspberrypi/dlv/cookies.txt'
EXECUTING: '/home/pi/git/com.zwolf.raspberrypi/dlv/dlv.sh -s'
EXECUTING: '/home/pi/git/com.zwolf.raspberrypi/dlv/dlv.sh -s'
EXECUTING: '/home/pi/git/com.zwolf.raspberrypi/dlv/dlv.sh -s'
EXECUTING: '/home/pi/git/com.zwolf.raspberrypi/dlv/dlv.sh -s'
EXECUTING: '/home/pi/git/com.zwolf.raspberrypi/dlv/dlv.sh -s'
EXECUTING: '/home/pi/git/com.zwolf.raspberrypi/dlv/dlv.sh -s'
EXECUTING: '/home/pi/git/com.zwolf.raspberrypi/dlv/dlv.sh -s'
EXECUTING: '/home/pi/git/com.zwolf.raspberrypi/dlv/dlv.sh -s'
EXECUTING: '/home/pi/git/com.zwolf.raspberrypi/dlv/dlv.sh -s'
EXECUTING: '/home/pi/git/com.zwolf.raspberrypi/dlv/dlv.sh -s'
EXECUTING: '/home/pi/git/com.zwolf.raspberrypi/dlv/dlv.sh -s'
EXECUTING: '/home/pi/git/com.zwolf.raspberrypi/dlv/vsearch.sh part'
EXECUTING: '/home/pi/git/com.zwolf.raspberrypi/dlv/vsearch.sh .part'
EXECUTING: '/home/pi/git/com.zwolf.raspberrypi/dlv/vsearch.sh .ytdl'
EXECUTING: '/home/pi/git/com.zwolf.raspberrypi/dlv/vsearch.sh ytdl'
EXECUTING: '/home/pi/git/com.zwolf.raspberrypi/dlv/vsearch.sh .part'
EXECUTING: '/home/pi/git/com.zwolf.raspberrypi/dlv/vsearch.sh NXXv4-lLygo'
EXECUTING: '/home/pi/git/com.zwolf.raspberrypi/dlv/dlv.sh -i /home/pi/git/com.zwolf.raspberrypi/dlv/jdlv/web-inputs/2021.06.09-16.11.37.txt -c /home/pi/git/com.zwolf.raspberrypi/dlv/cookies.txt'
EXECUTING: '/home/pi/git/com.zwolf.raspberrypi/dlv/dlv.sh -s'
EXECUTING: '/home/pi/git/com.zwolf.raspberrypi/dlv/vsearch.sh .json'
EXECUTING: '/home/pi/git/com.zwolf.raspberrypi/dlv/dlv.sh -i /home/pi/git/com.zwolf.raspberrypi/dlv/jdlv/web-inputs/2021.06.10-22.22.32.txt -c /home/pi/git/com.zwolf.raspberrypi/dlv/cookies.txt'
EXECUTING: '/home/pi/git/com.zwolf.raspberrypi/dlv/dlv.sh -s'
EXECUTING: '/home/pi/git/com.zwolf.raspberrypi/dlv/dlv.sh -s'
EXECUTING: '/home/pi/git/com.zwolf.raspberrypi/dlv/dlv.sh -s'
EXECUTING: '/home/pi/git/com.zwolf.raspberrypi/dlv/dlv.sh -s'
EXECUTING: '/home/pi/git/com.zwolf.raspberrypi/dlv/dlv.sh -s'
EXECUTING: '/home/pi/git/com.zwolf.raspberrypi/dlv/vsearch.sh WWoAL3litlc'
EXECUTING: '/home/pi/git/com.zwolf.raspberrypi/dlv/vsearch.sh ZD5nYjwEWm8'
EXECUTING: '/home/pi/git/com.zwolf.raspberrypi/dlv/vsearch.sh n_0DGQxxCIg'
EXECUTING: '/home/pi/git/com.zwolf.raspberrypi/dlv/vsearch.sh G_R1gBYHgTc'
EXECUTING: '/home/pi/git/com.zwolf.raspberrypi/dlv/dlv.sh -i /home/pi/git/com.zwolf.raspberrypi/dlv/jdlv/web-inputs/2021.06.12-16.36.39.txt -c /home/pi/git/com.zwolf.raspberrypi/dlv/cookies.txt'
EXECUTING: '/home/pi/git/com.zwolf.raspberrypi/dlv/dlv.sh -s'
EXECUTING: '/home/pi/git/com.zwolf.raspberrypi/dlv/dlv.sh -s'
EXECUTING: '/home/pi/git/com.zwolf.raspberrypi/dlv/dlv.sh -s'
EXECUTING: '/home/pi/git/com.zwolf.raspberrypi/dlv/dlv.sh -s'
EXECUTING: '/home/pi/git/com.zwolf.raspberrypi/dlv/dlv.sh -i /home/pi/git/com.zwolf.raspberrypi/dlv/jdlv/web-inputs/2021.06.13-20.13.59.txt -c /home/pi/git/com.zwolf.raspberrypi/dlv/cookies.txt'
EXECUTING: '/home/pi/git/com.zwolf.raspberrypi/dlv/dlv.sh -s'
EXECUTING: '/home/pi/git/com.zwolf.raspberrypi/dlv/dlv.sh -s'
EXECUTING: '/home/pi/git/com.zwolf.raspberrypi/dlv/dlv.sh -s'
EXECUTING: '/home/pi/git/com.zwolf.raspberrypi/dlv/dlv.sh -s'
EXECUTING: '/home/pi/git/com.zwolf.raspberrypi/dlv/dlv.sh -s'
EXECUTING: '/home/pi/git/com.zwolf.raspberrypi/dlv/dlv.sh -s'
EXECUTING: '/home/pi/git/com.zwolf.raspberrypi/dlv/dlv.sh -s'
EXECUTING: '/home/pi/git/com.zwolf.raspberrypi/dlv/dlv.sh -s'
EXECUTING: '/home/pi/git/com.zwolf.raspberrypi/dlv/dlv.sh -s'
EXECUTING: '/home/pi/git/com.zwolf.raspberrypi/dlv/dlv.sh -s'
EXECUTING: '/home/pi/git/com.zwolf.raspberrypi/dlv/dlv.sh -s'
EXECUTING: '/home/pi/git/com.zwolf.raspberrypi/dlv/dlv.sh -s'
EXECUTING: '/home/pi/git/com.zwolf.raspberrypi/dlv/dlv.sh -s'
EXECUTING: '/home/pi/git/com.zwolf.raspberrypi/dlv/dlv.sh -s'
EXECUTING: '/home/pi/git/com.zwolf.raspberrypi/dlv/dlv.sh -s'
EXECUTING: '/home/pi/git/com.zwolf.raspberrypi/dlv/dlv.sh -s'
EXECUTING: '/home/pi/git/com.zwolf.raspberrypi/dlv/vsearch.sh ryUHaqSfnnU'
EXECUTING: '/home/pi/git/com.zwolf.raspberrypi/dlv/vsearch.sh dnK582UCefY'
EXECUTING: '/home/pi/git/com.zwolf.raspberrypi/dlv/vsearch.sh u0O7UVE8cXI'
EXECUTING: '/home/pi/git/com.zwolf.raspberrypi/dlv/vsearch.sh GjXDnZESFiE'
EXECUTING: '/home/pi/git/com.zwolf.raspberrypi/dlv/dlv.sh -s'
EXECUTING: '/home/pi/git/com.zwolf.raspberrypi/dlv/vsearch.sh ZzT-W-XwYbo'
EXECUTING: '/home/pi/git/com.zwolf.raspberrypi/dlv/dlv.sh -i /home/pi/git/com.zwolf.raspberrypi/dlv/jdlv/web-inputs/2021.06.14-13.41.03.txt -c /home/pi/git/com.zwolf.raspberrypi/dlv/cookies.txt'
EXECUTING: '/home/pi/git/com.zwolf.raspberrypi/dlv/dlv.sh -s'
EXECUTING: '/home/pi/git/com.zwolf.raspberrypi/dlv/dlv.sh -s'
EXECUTING: '/home/pi/git/com.zwolf.raspberrypi/dlv/dlv.sh -s'
EXECUTING: '/home/pi/git/com.zwolf.raspberrypi/dlv/dlv.sh -s'
EXECUTING: '/home/pi/git/com.zwolf.raspberrypi/dlv/vsearch.sh xatzXDLGfd8'
EXECUTING: '/home/pi/git/com.zwolf.raspberrypi/dlv/dlv.sh -s'
EXECUTING: '/home/pi/git/com.zwolf.raspberrypi/dlv/dlv.sh -s'
EXECUTING: '/home/pi/git/com.zwolf.raspberrypi/dlv/dlv.sh -s'
EXECUTING: '/home/pi/git/com.zwolf.raspberrypi/dlv/dlv.sh -s'
EXECUTING: '/home/pi/git/com.zwolf.raspberrypi/dlv/dlv.sh -s'
EXECUTING: '/home/pi/git/com.zwolf.raspberrypi/dlv/dlv.sh -s'
EXECUTING: '/home/pi/git/com.zwolf.raspberrypi/dlv/dlv.sh -s'
EXECUTING: '/home/pi/git/com.zwolf.raspberrypi/dlv/dlv.sh -s'
EXECUTING: '/home/pi/git/com.zwolf.raspberrypi/dlv/dlv.sh -s'
EXECUTING: '/home/pi/git/com.zwolf.raspberrypi/dlv/dlv.sh -s'
EXECUTING: '/home/pi/git/com.zwolf.raspberrypi/dlv/dlv.sh -s'
EXECUTING: '/home/pi/git/com.zwolf.raspberrypi/dlv/dlv.sh -s'
EXECUTING: '/home/pi/git/com.zwolf.raspberrypi/dlv/dlv.sh -s'
EXECUTING: '/home/pi/git/com.zwolf.raspberrypi/dlv/dlv.sh -s'
EXECUTING: '/home/pi/git/com.zwolf.raspberrypi/dlv/dlv.sh -s'
EXECUTING: '/home/pi/git/com.zwolf.raspberrypi/dlv/dlv.sh -s'
EXECUTING: '/home/pi/git/com.zwolf.raspberrypi/dlv/dlv.sh -s'
EXECUTING: '/home/pi/git/com.zwolf.raspberrypi/dlv/dlv.sh -s'
EXECUTING: '/home/pi/git/com.zwolf.raspberrypi/dlv/dlv.sh -s'
EXECUTING: '/home/pi/git/com.zwolf.raspberrypi/dlv/dlv.sh -s'
EXECUTING: '/home/pi/git/com.zwolf.raspberrypi/dlv/dlv.sh -s'
EXECUTING: '/home/pi/git/com.zwolf.raspberrypi/dlv/dlv.sh -s'
EXECUTING: '/home/pi/git/com.zwolf.raspberrypi/dlv/dlv.sh -s'
EXECUTING: '/home/pi/git/com.zwolf.raspberrypi/dlv/dlv.sh -s'
EXECUTING: '/home/pi/git/com.zwolf.raspberrypi/dlv/dlv.sh -s'
EXECUTING: '/home/pi/git/com.zwolf.raspberrypi/dlv/dlv.sh -s'
EXECUTING: '/home/pi/git/com.zwolf.raspberrypi/dlv/dlv.sh -s'
EXECUTING: '/home/pi/git/com.zwolf.raspberrypi/dlv/dlv.sh -s'
EXECUTING: '/home/pi/git/com.zwolf.raspberrypi/dlv/dlv.sh -s'
EXECUTING: '/home/pi/git/com.zwolf.raspberrypi/dlv/dlv.sh -s'
EXECUTING: '/home/pi/git/com.zwolf.raspberrypi/dlv/dlv.sh -s'
EXECUTING: '/home/pi/git/com.zwolf.raspberrypi/dlv/dlv.sh -s'
2021-06-16 11:08:24.626  INFO 18820 --- [extShutdownHook] o.s.s.concurrent.ThreadPoolTaskExecutor  : Shutting down ExecutorService 'applicationTaskExecutor'
