
  .   ____          _            __ _ _
 /\\ / ___'_ __ _ _(_)_ __  __ _ \ \ \ \
( ( )\___ | '_ | '_| | '_ \/ _` | \ \ \ \
 \\/  ___)| |_)| | | | | || (_| |  ) ) ) )
  '  |____| .__|_| |_|_| |_\__, | / / / /
 =========|_|==============|___/=/_/_/_/
 :: Spring Boot ::                (v2.4.2)

2021-06-08 16:29:03.099  INFO 11108 --- [           main] com.zwolf.dlv.RestServiceApplication     : Starting RestServiceApplication v0.1.0 using Java 11.0.9.1 on rpi4-nnlk with PID 11108 (/home/pi/git/com.zwolf.raspberrypi/dlv/java-dlv-interface/target/youtube-dl-web-0.1.0.jar started by pi in /home/pi/git/com.zwolf.raspberrypi/dlv/java-dlv-interface)
2021-06-08 16:29:03.111  INFO 11108 --- [           main] com.zwolf.dlv.RestServiceApplication     : No active profile set, falling back to default profiles: default
2021-06-08 16:29:09.352  INFO 11108 --- [           main] o.s.b.w.embedded.tomcat.TomcatWebServer  : Tomcat initialized with port(s): 8080 (http)
2021-06-08 16:29:09.400  INFO 11108 --- [           main] o.apache.catalina.core.StandardService   : Starting service [Tomcat]
2021-06-08 16:29:09.401  INFO 11108 --- [           main] org.apache.catalina.core.StandardEngine  : Starting Servlet engine: [Apache Tomcat/9.0.41]
2021-06-08 16:29:09.686  INFO 11108 --- [           main] o.a.c.c.C.[Tomcat].[localhost].[/]       : Initializing Spring embedded WebApplicationContext
2021-06-08 16:29:09.686  INFO 11108 --- [           main] w.s.c.ServletWebServerApplicationContext : Root WebApplicationContext: initialization completed in 6338 ms
2021-06-08 16:29:12.209  INFO 11108 --- [           main] o.s.s.concurrent.ThreadPoolTaskExecutor  : Initializing ExecutorService 'applicationTaskExecutor'
2021-06-08 16:29:13.289  INFO 11108 --- [           main] o.s.b.w.embedded.tomcat.TomcatWebServer  : Tomcat started on port(s): 8080 (http) with context path ''
2021-06-08 16:29:13.710  INFO 11108 --- [nio-8080-exec-1] o.a.c.c.C.[Tomcat].[localhost].[/]       : Initializing Spring DispatcherServlet 'dispatcherServlet'
2021-06-08 16:29:13.712  INFO 11108 --- [nio-8080-exec-1] o.s.web.servlet.DispatcherServlet        : Initializing Servlet 'dispatcherServlet'
2021-06-08 16:29:13.720  INFO 11108 --- [nio-8080-exec-1] o.s.web.servlet.DispatcherServlet        : Completed initialization in 8 ms
2021-06-08 16:29:15.307  INFO 11108 --- [           main] com.zwolf.dlv.RestServiceApplication     : Started RestServiceApplication in 14.723 seconds (JVM running for 17.07)
EXECUTING: '/home/pi/git/com.zwolf.raspberrypi/dlv/dlv.sh -i /home/pi/git/com.zwolf.raspberrypi/dlv/java-dlv-interface/web-inputs/2021.06.08-16.29.43.txt'
